# JRE version: OpenJDK Runtime Environment Temurin-17.0.7+7 (17.0.7+7) (build 17.0.7+7)
# Java VM: OpenJDK 64-Bit Server VM Temurin-17.0.7+7 (17.0.7+7, mixed mode, sharing, tiered, compressed oops, compressed class ptrs, g1 gc, windows-amd64)
GC Precious Log:
 CPUs: 16 total, 16 available
 Memory: 32394M
 Large Page Support: Disabled
 NUMA Support: Disabled
 Compressed Oops: Enabled (Zero based)
 Heap Region Size: 2M
 Heap Min Capacity: 512M
 Heap Initial Capacity: 512M
 Heap Max Capacity: 4072M
 Pre-touch: Disabled
 Parallel Workers: 13
 Concurrent Workers: 3
 Concurrent Refinement Workers: 13
 Periodic GC: Disabled
 String Deduplication is enabled
Heap:
 garbage-first heap   total 524288K, used 160855K [0x0000000701800000, 0x0000000800000000)
  region size 2048K, 33 young (67584K), 2 survivors (4096K)
 Metaspace       used 86339K, committed 87040K, reserved 1179648K
  class space    used 11741K, committed 12096K, reserved 1048576K
GC Heap History (20 events):
Event: 433.223 GC heap before
{Heap before GC invocations=174 (full 121):
 garbage-first heap   total 524288K, used 218643K [0x0000000701800000, 0x0000000800000000)
  region size 2048K, 40 young (81920K), 1 survivors (2048K)
 Metaspace       used 86045K, committed 86784K, reserved 1179648K
  class space    used 11736K, committed 12096K, reserved 1048576K
}
Event: 433.225 GC heap after
{Heap after GC invocations=175 (full 121):
 garbage-first heap   total 524288K, used 140780K [0x0000000701800000, 0x0000000800000000)
  region size 2048K, 1 young (2048K), 1 survivors (2048K)
 Metaspace       used 86045K, committed 86784K, reserved 1179648K
  class space    used 11736K, committed 12096K, reserved 1048576K
}
Event: 440.078 GC heap before
{Heap before GC invocations=175 (full 121):
 garbage-first heap   total 524288K, used 220652K [0x0000000701800000, 0x0000000800000000)
  region size 2048K, 40 young (81920K), 1 survivors (2048K)
 Metaspace       used 86081K, committed 86784K, reserved 1179648K
  class space    used 11737K, committed 12096K, reserved 1048576K
}
Event: 440.080 GC heap after
{Heap after GC invocations=176 (full 121):
 garbage-first heap   total 524288K, used 97808K [0x0000000701800000, 0x0000000800000000)
  region size 2048K, 1 young (2048K), 1 survivors (2048K)
 Metaspace       used 86081K, committed 86784K, reserved 1179648K
  class space    used 11737K, committed 12096K, reserved 1048576K
}
Event: 451.525 GC heap before
{Heap before GC invocations=176 (full 121):
 garbage-first heap   total 524288K, used 177680K [0x0000000701800000, 0x0000000800000000)
  region size 2048K, 40 young (81920K), 1 survivors (2048K)
 Metaspace       used 86099K, committed 86784K, reserved 1179648K
  class space    used 11737K, committed 12096K, reserved 1048576K
}
Event: 451.527 GC heap after
{Heap after GC invocations=177 (full 121):
 garbage-first heap   total 524288K, used 97824K [0x0000000701800000, 0x0000000800000000)
  region size 2048K, 1 young (2048K), 1 survivors (2048K)
 Metaspace       used 86099K, committed 86784K, reserved 1179648K
  class space    used 11737K, committed 12096K, reserved 1048576K
}
Event: 467.086 GC heap before
{Heap before GC invocations=177 (full 121):
 garbage-first heap   total 524288K, used 177696K [0x0000000701800000, 0x0000000800000000)
  region size 2048K, 40 young (81920K), 1 survivors (2048K)
 Metaspace       used 86127K, committed 86848K, reserved 1179648K
  class space    used 11737K, committed 12096K, reserved 1048576K
}
Event: 467.088 GC heap after
{Heap after GC invocations=178 (full 121):
 garbage-first heap   total 524288K, used 97814K [0x0000000701800000, 0x0000000800000000)
  region size 2048K, 1 young (2048K), 1 survivors (2048K)
 Metaspace       used 86127K, committed 86848K, reserved 1179648K
  class space    used 11737K, committed 12096K, reserved 1048576K
}
Event: 476.289 GC heap before
{Heap before GC invocations=178 (full 121):
 garbage-first heap   total 524288K, used 177686K [0x0000000701800000, 0x0000000800000000)
  region size 2048K, 40 young (81920K), 1 survivors (2048K)
 Metaspace       used 86134K, committed 86848K, reserved 1179648K
  class space    used 11737K, committed 12096K, reserved 1048576K
}
Event: 476.291 GC heap after
{Heap after GC invocations=179 (full 121):
 garbage-first heap   total 524288K, used 97827K [0x0000000701800000, 0x0000000800000000)
  region size 2048K, 1 young (2048K), 1 survivors (2048K)
 Metaspace       used 86134K, committed 86848K, reserved 1179648K
  class space    used 11737K, committed 12096K, reserved 1048576K
}
Event: 491.444 GC heap before
{Heap before GC invocations=179 (full 121):
 garbage-first heap   total 524288K, used 177699K [0x0000000701800000, 0x0000000800000000)
  region size 2048K, 40 young (81920K), 1 survivors (2048K)
 Metaspace       used 86140K, committed 86848K, reserved 1179648K
  class space    used 11737K, committed 12096K, reserved 1048576K
}
Event: 491.447 GC heap after
{Heap after GC invocations=180 (full 121):
 garbage-first heap   total 524288K, used 97853K [0x0000000701800000, 0x0000000800000000)
  region size 2048K, 1 young (2048K), 1 survivors (2048K)
 Metaspace       used 86140K, committed 86848K, reserved 1179648K
  class space    used 11737K, committed 12096K, reserved 1048576K
}
Event: 521.654 GC heap before
{Heap before GC invocations=180 (full 121):
 garbage-first heap   total 524288K, used 177725K [0x0000000701800000, 0x0000000800000000)
  region size 2048K, 40 young (81920K), 1 survivors (2048K)
 Metaspace       used 86177K, committed 86848K, reserved 1179648K
  class space    used 11738K, committed 12096K, reserved 1048576K
}
Event: 521.656 GC heap after
{Heap after GC invocations=181 (full 121):
 garbage-first heap   total 524288K, used 98051K [0x0000000701800000, 0x0000000800000000)
  region size 2048K, 1 young (2048K), 1 survivors (2048K)
 Metaspace       used 86177K, committed 86848K, reserved 1179648K
  class space    used 11738K, committed 12096K, reserved 1048576K
}
Event: 572.398 GC heap before
{Heap before GC invocations=181 (full 121):
 garbage-first heap   total 524288K, used 177923K [0x0000000701800000, 0x0000000800000000)
  region size 2048K, 40 young (81920K), 1 survivors (2048K)
 Metaspace       used 86225K, committed 86976K, reserved 1179648K
  class space    used 11738K, committed 12096K, reserved 1048576K
}
Event: 572.401 GC heap after
{Heap after GC invocations=182 (full 121):
 garbage-first heap   total 524288K, used 98011K [0x0000000701800000, 0x0000000800000000)
  region size 2048K, 1 young (2048K), 1 survivors (2048K)
 Metaspace       used 86225K, committed 86976K, reserved 1179648K
  class space    used 11738K, committed 12096K, reserved 1048576K
}
Event: 587.131 GC heap before
{Heap before GC invocations=182 (full 121):
 garbage-first heap   total 524288K, used 177883K [0x0000000701800000, 0x0000000800000000)
  region size 2048K, 40 young (81920K), 1 survivors (2048K)
 Metaspace       used 86233K, committed 86976K, reserved 1179648K
  class space    used 11738K, committed 12096K, reserved 1048576K
}
Event: 587.133 GC heap after
{Heap after GC invocations=183 (full 121):
 garbage-first heap   total 524288K, used 98008K [0x0000000701800000, 0x0000000800000000)
  region size 2048K, 1 young (2048K), 1 survivors (2048K)
 Metaspace       used 86233K, committed 86976K, reserved 1179648K
  class space    used 11738K, committed 12096K, reserved 1048576K
}
Event: 589.913 GC heap before
{Heap before GC invocations=183 (full 121):
 garbage-first heap   total 524288K, used 177880K [0x0000000701800000, 0x0000000800000000)
  region size 2048K, 40 young (81920K), 1 survivors (2048K)
 Metaspace       used 86297K, committed 86976K, reserved 1179648K
  class space    used 11741K, committed 12096K, reserved 1048576K
}
Event: 589.916 GC heap after
{Heap after GC invocations=184 (full 121):
 garbage-first heap   total 524288K, used 99415K [0x0000000701800000, 0x0000000800000000)
  region size 2048K, 2 young (4096K), 2 survivors (4096K)
 Metaspace       used 86297K, committed 86976K, reserved 1179648K
  class space    used 11741K, committed 12096K, reserved 1048576K
}

