# JRE version: OpenJDK Runtime Environment Temurin-17.0.7+7 (17.0.7+7) (build 17.0.7+7)
# Java VM: OpenJDK 64-Bit Server VM Temurin-17.0.7+7 (17.0.7+7, mixed mode, sharing, tiered, compressed oops, compressed class ptrs, g1 gc, windows-amd64)
GC Precious Log:
 CPUs: 16 total, 16 available
 Memory: 32394M
 Large Page Support: Disabled
 NUMA Support: Disabled
 Compressed Oops: Enabled (Zero based)
 Heap Region Size: 2M
 Heap Min Capacity: 512M
 Heap Initial Capacity: 512M
 Heap Max Capacity: 4072M
 Pre-touch: Disabled
 Parallel Workers: 13
 Concurrent Workers: 3
 Concurrent Refinement Workers: 13
 Periodic GC: Disabled
 String Deduplication is enabled
Heap:
 garbage-first heap   total 524288K, used 112574K [0x0000000701800000, 0x0000000800000000)
  region size 2048K, 14 young (28672K), 1 survivors (2048K)
 Metaspace       used 85950K, committed 86528K, reserved 1179648K
  class space    used 11611K, committed 11904K, reserved 1048576K
GC Heap History (20 events):
Event: 1000.515 GC heap before
{Heap before GC invocations=85 (full 4):
 garbage-first heap   total 524288K, used 167824K [0x0000000701800000, 0x0000000800000000)
  region size 2048K, 40 young (81920K), 1 survivors (2048K)
 Metaspace       used 85551K, committed 86144K, reserved 1179648K
  class space    used 11598K, committed 11904K, reserved 1048576K
}
Event: 1000.517 GC heap after
{Heap after GC invocations=86 (full 4):
 garbage-first heap   total 524288K, used 88045K [0x0000000701800000, 0x0000000800000000)
  region size 2048K, 1 young (2048K), 1 survivors (2048K)
 Metaspace       used 85551K, committed 86144K, reserved 1179648K
  class space    used 11598K, committed 11904K, reserved 1048576K
}
Event: 1036.262 GC heap before
{Heap before GC invocations=86 (full 4):
 garbage-first heap   total 524288K, used 167917K [0x0000000701800000, 0x0000000800000000)
  region size 2048K, 40 young (81920K), 1 survivors (2048K)
 Metaspace       used 85602K, committed 86208K, reserved 1179648K
  class space    used 11598K, committed 11904K, reserved 1048576K
}
Event: 1036.267 GC heap after
{Heap after GC invocations=87 (full 4):
 garbage-first heap   total 524288K, used 89287K [0x0000000701800000, 0x0000000800000000)
  region size 2048K, 2 young (4096K), 2 survivors (4096K)
 Metaspace       used 85602K, committed 86208K, reserved 1179648K
  class space    used 11598K, committed 11904K, reserved 1048576K
}
Event: 1047.776 GC heap before
{Heap before GC invocations=87 (full 4):
 garbage-first heap   total 524288K, used 167111K [0x0000000701800000, 0x0000000800000000)
  region size 2048K, 40 young (81920K), 2 survivors (4096K)
 Metaspace       used 85657K, committed 86272K, reserved 1179648K
  class space    used 11599K, committed 11904K, reserved 1048576K
}
Event: 1047.778 GC heap after
{Heap after GC invocations=88 (full 4):
 garbage-first heap   total 524288K, used 89672K [0x0000000701800000, 0x0000000800000000)
  region size 2048K, 2 young (4096K), 2 survivors (4096K)
 Metaspace       used 85657K, committed 86272K, reserved 1179648K
  class space    used 11599K, committed 11904K, reserved 1048576K
}
Event: 1073.450 GC heap before
{Heap before GC invocations=88 (full 4):
 garbage-first heap   total 524288K, used 167496K [0x0000000701800000, 0x0000000800000000)
  region size 2048K, 40 young (81920K), 2 survivors (4096K)
 Metaspace       used 85701K, committed 86272K, reserved 1179648K
  class space    used 11599K, committed 11904K, reserved 1048576K
}
Event: 1073.454 GC heap after
{Heap after GC invocations=89 (full 4):
 garbage-first heap   total 524288K, used 89586K [0x0000000701800000, 0x0000000800000000)
  region size 2048K, 2 young (4096K), 2 survivors (4096K)
 Metaspace       used 85701K, committed 86272K, reserved 1179648K
  class space    used 11599K, committed 11904K, reserved 1048576K
}
Event: 1100.427 GC heap before
{Heap before GC invocations=89 (full 4):
 garbage-first heap   total 524288K, used 167410K [0x0000000701800000, 0x0000000800000000)
  region size 2048K, 40 young (81920K), 2 survivors (4096K)
 Metaspace       used 85741K, committed 86336K, reserved 1179648K
  class space    used 11606K, committed 11904K, reserved 1048576K
}
Event: 1100.430 GC heap after
{Heap after GC invocations=90 (full 4):
 garbage-first heap   total 524288K, used 89874K [0x0000000701800000, 0x0000000800000000)
  region size 2048K, 2 young (4096K), 2 survivors (4096K)
 Metaspace       used 85741K, committed 86336K, reserved 1179648K
  class space    used 11606K, committed 11904K, reserved 1048576K
}
Event: 1150.285 GC heap before
{Heap before GC invocations=90 (full 4):
 garbage-first heap   total 524288K, used 167698K [0x0000000701800000, 0x0000000800000000)
  region size 2048K, 40 young (81920K), 2 survivors (4096K)
 Metaspace       used 85749K, committed 86336K, reserved 1179648K
  class space    used 11606K, committed 11904K, reserved 1048576K
}
Event: 1150.287 GC heap after
{Heap after GC invocations=91 (full 4):
 garbage-first heap   total 524288K, used 89554K [0x0000000701800000, 0x0000000800000000)
  region size 2048K, 2 young (4096K), 2 survivors (4096K)
 Metaspace       used 85749K, committed 86336K, reserved 1179648K
  class space    used 11606K, committed 11904K, reserved 1048576K
}
Event: 1184.367 GC heap before
{Heap before GC invocations=91 (full 4):
 garbage-first heap   total 524288K, used 155090K [0x0000000701800000, 0x0000000800000000)
  region size 2048K, 35 young (71680K), 2 survivors (4096K)
 Metaspace       used 85755K, committed 86400K, reserved 1179648K
  class space    used 11606K, committed 11904K, reserved 1048576K
}
Event: 1184.412 GC heap after
{Heap after GC invocations=92 (full 5):
 garbage-first heap   total 524288K, used 86738K [0x0000000701800000, 0x0000000800000000)
  region size 2048K, 0 young (0K), 0 survivors (0K)
 Metaspace       used 85755K, committed 86400K, reserved 1179648K
  class space    used 11606K, committed 11904K, reserved 1048576K
}
Event: 1223.684 GC heap before
{Heap before GC invocations=92 (full 5):
 garbage-first heap   total 524288K, used 168658K [0x0000000701800000, 0x0000000800000000)
  region size 2048K, 40 young (81920K), 0 survivors (0K)
 Metaspace       used 85780K, committed 86400K, reserved 1179648K
  class space    used 11606K, committed 11904K, reserved 1048576K
}
Event: 1223.686 GC heap after
{Heap after GC invocations=93 (full 5):
 garbage-first heap   total 524288K, used 87404K [0x0000000701800000, 0x0000000800000000)
  region size 2048K, 1 young (2048K), 1 survivors (2048K)
 Metaspace       used 85780K, committed 86400K, reserved 1179648K
  class space    used 11606K, committed 11904K, reserved 1048576K
}
Event: 1234.131 GC heap before
{Heap before GC invocations=93 (full 5):
 garbage-first heap   total 524288K, used 167276K [0x0000000701800000, 0x0000000800000000)
  region size 2048K, 40 young (81920K), 1 survivors (2048K)
 Metaspace       used 85860K, committed 86464K, reserved 1179648K
  class space    used 11606K, committed 11904K, reserved 1048576K
}
Event: 1234.133 GC heap after
{Heap after GC invocations=94 (full 5):
 garbage-first heap   total 524288K, used 88196K [0x0000000701800000, 0x0000000800000000)
  region size 2048K, 1 young (2048K), 1 survivors (2048K)
 Metaspace       used 85860K, committed 86464K, reserved 1179648K
  class space    used 11606K, committed 11904K, reserved 1048576K
}
Event: 1246.573 GC heap before
{Heap before GC invocations=94 (full 5):
 garbage-first heap   total 524288K, used 168068K [0x0000000701800000, 0x0000000800000000)
  region size 2048K, 40 young (81920K), 1 survivors (2048K)
 Metaspace       used 85868K, committed 86464K, reserved 1179648K
  class space    used 11606K, committed 11904K, reserved 1048576K
}
Event: 1246.576 GC heap after
{Heap after GC invocations=95 (full 5):
 garbage-first heap   total 524288K, used 87998K [0x0000000701800000, 0x0000000800000000)
  region size 2048K, 1 young (2048K), 1 survivors (2048K)
 Metaspace       used 85868K, committed 86464K, reserved 1179648K
  class space    used 11606K, committed 11904K, reserved 1048576K
}

