# JRE version: OpenJDK Runtime Environment Temurin-17.0.7+7 (17.0.7+7) (build 17.0.7+7)
# Java VM: OpenJDK 64-Bit Server VM Temurin-17.0.7+7 (17.0.7+7, mixed mode, sharing, tiered, compressed oops, compressed class ptrs, g1 gc, windows-amd64)
GC Precious Log:
 CPUs: 16 total, 16 available
 Memory: 32394M
 Large Page Support: Disabled
 NUMA Support: Disabled
 Compressed Oops: Enabled (Zero based)
 Heap Region Size: 2M
 Heap Min Capacity: 512M
 Heap Initial Capacity: 512M
 Heap Max Capacity: 4072M
 Pre-touch: Disabled
 Parallel Workers: 13
 Concurrent Workers: 3
 Concurrent Refinement Workers: 13
 Periodic GC: Disabled
 String Deduplication is enabled
Heap:
 garbage-first heap   total 524288K, used 152944K [0x0000000701800000, 0x0000000800000000)
  region size 2048K, 34 young (69632K), 2 survivors (4096K)
 Metaspace       used 83057K, committed 83712K, reserved 1179648K
  class space    used 11247K, committed 11584K, reserved 1048576K
GC Heap History (20 events):
Event: 754.470 GC heap before
{Heap before GC invocations=78 (full 2):
 garbage-first heap   total 524288K, used 165647K [0x0000000701800000, 0x0000000800000000)
  region size 2048K, 40 young (81920K), 2 survivors (4096K)
 Metaspace       used 82820K, committed 83520K, reserved 1179648K
  class space    used 11247K, committed 11584K, reserved 1048576K
}
Event: 754.473 GC heap after
{Heap after GC invocations=79 (full 2):
 garbage-first heap   total 524288K, used 88017K [0x0000000701800000, 0x0000000800000000)
  region size 2048K, 2 young (4096K), 2 survivors (4096K)
 Metaspace       used 82820K, committed 83520K, reserved 1179648K
  class space    used 11247K, committed 11584K, reserved 1048576K
}
Event: 768.090 GC heap before
{Heap before GC invocations=79 (full 2):
 garbage-first heap   total 524288K, used 165841K [0x0000000701800000, 0x0000000800000000)
  region size 2048K, 40 young (81920K), 2 survivors (4096K)
 Metaspace       used 82821K, committed 83520K, reserved 1179648K
  class space    used 11247K, committed 11584K, reserved 1048576K
}
Event: 768.093 GC heap after
{Heap after GC invocations=80 (full 2):
 garbage-first heap   total 524288K, used 87970K [0x0000000701800000, 0x0000000800000000)
  region size 2048K, 2 young (4096K), 2 survivors (4096K)
 Metaspace       used 82821K, committed 83520K, reserved 1179648K
  class space    used 11247K, committed 11584K, reserved 1048576K
}
Event: 768.918 GC heap before
{Heap before GC invocations=80 (full 2):
 garbage-first heap   total 524288K, used 165794K [0x0000000701800000, 0x0000000800000000)
  region size 2048K, 40 young (81920K), 2 survivors (4096K)
 Metaspace       used 82825K, committed 83520K, reserved 1179648K
  class space    used 11247K, committed 11584K, reserved 1048576K
}
Event: 768.920 GC heap after
{Heap after GC invocations=81 (full 2):
 garbage-first heap   total 524288K, used 88023K [0x0000000701800000, 0x0000000800000000)
  region size 2048K, 2 young (4096K), 2 survivors (4096K)
 Metaspace       used 82825K, committed 83520K, reserved 1179648K
  class space    used 11247K, committed 11584K, reserved 1048576K
}
Event: 777.361 GC heap before
{Heap before GC invocations=81 (full 2):
 garbage-first heap   total 524288K, used 165847K [0x0000000701800000, 0x0000000800000000)
  region size 2048K, 40 young (81920K), 2 survivors (4096K)
 Metaspace       used 82911K, committed 83648K, reserved 1179648K
  class space    used 11247K, committed 11584K, reserved 1048576K
}
Event: 777.364 GC heap after
{Heap after GC invocations=82 (full 2):
 garbage-first heap   total 524288K, used 89598K [0x0000000701800000, 0x0000000800000000)
  region size 2048K, 3 young (6144K), 3 survivors (6144K)
 Metaspace       used 82911K, committed 83648K, reserved 1179648K
  class space    used 11247K, committed 11584K, reserved 1048576K
}
Event: 780.821 GC heap before
{Heap before GC invocations=82 (full 2):
 garbage-first heap   total 524288K, used 165374K [0x0000000701800000, 0x0000000800000000)
  region size 2048K, 40 young (81920K), 3 survivors (6144K)
 Metaspace       used 82954K, committed 83648K, reserved 1179648K
  class space    used 11247K, committed 11584K, reserved 1048576K
}
Event: 780.825 GC heap after
{Heap after GC invocations=83 (full 2):
 garbage-first heap   total 524288K, used 89795K [0x0000000701800000, 0x0000000800000000)
  region size 2048K, 3 young (6144K), 3 survivors (6144K)
 Metaspace       used 82954K, committed 83648K, reserved 1179648K
  class space    used 11247K, committed 11584K, reserved 1048576K
}
Event: 788.917 GC heap before
{Heap before GC invocations=83 (full 2):
 garbage-first heap   total 524288K, used 165571K [0x0000000701800000, 0x0000000800000000)
  region size 2048K, 40 young (81920K), 3 survivors (6144K)
 Metaspace       used 82988K, committed 83648K, reserved 1179648K
  class space    used 11247K, committed 11584K, reserved 1048576K
}
Event: 788.919 GC heap after
{Heap after GC invocations=84 (full 2):
 garbage-first heap   total 524288K, used 89984K [0x0000000701800000, 0x0000000800000000)
  region size 2048K, 2 young (4096K), 2 survivors (4096K)
 Metaspace       used 82988K, committed 83648K, reserved 1179648K
  class space    used 11247K, committed 11584K, reserved 1048576K
}
Event: 796.866 GC heap before
{Heap before GC invocations=84 (full 2):
 garbage-first heap   total 524288K, used 167808K [0x0000000701800000, 0x0000000800000000)
  region size 2048K, 40 young (81920K), 2 survivors (4096K)
 Metaspace       used 82989K, committed 83648K, reserved 1179648K
  class space    used 11247K, committed 11584K, reserved 1048576K
}
Event: 796.871 GC heap after
{Heap after GC invocations=85 (full 2):
 garbage-first heap   total 524288K, used 89544K [0x0000000701800000, 0x0000000800000000)
  region size 2048K, 2 young (4096K), 2 survivors (4096K)
 Metaspace       used 82989K, committed 83648K, reserved 1179648K
  class space    used 11247K, committed 11584K, reserved 1048576K
}
Event: 801.017 GC heap before
{Heap before GC invocations=85 (full 2):
 garbage-first heap   total 524288K, used 167368K [0x0000000701800000, 0x0000000800000000)
  region size 2048K, 40 young (81920K), 2 survivors (4096K)
 Metaspace       used 82989K, committed 83648K, reserved 1179648K
  class space    used 11247K, committed 11584K, reserved 1048576K
}
Event: 801.020 GC heap after
{Heap after GC invocations=86 (full 2):
 garbage-first heap   total 524288K, used 89385K [0x0000000701800000, 0x0000000800000000)
  region size 2048K, 2 young (4096K), 2 survivors (4096K)
 Metaspace       used 82989K, committed 83648K, reserved 1179648K
  class space    used 11247K, committed 11584K, reserved 1048576K
}
Event: 804.532 GC heap before
{Heap before GC invocations=86 (full 2):
 garbage-first heap   total 524288K, used 167209K [0x0000000701800000, 0x0000000800000000)
  region size 2048K, 40 young (81920K), 2 survivors (4096K)
 Metaspace       used 83016K, committed 83712K, reserved 1179648K
  class space    used 11247K, committed 11584K, reserved 1048576K
}
Event: 804.535 GC heap after
{Heap after GC invocations=87 (full 2):
 garbage-first heap   total 524288K, used 89400K [0x0000000701800000, 0x0000000800000000)
  region size 2048K, 2 young (4096K), 2 survivors (4096K)
 Metaspace       used 83016K, committed 83712K, reserved 1179648K
  class space    used 11247K, committed 11584K, reserved 1048576K
}
Event: 804.894 GC heap before
{Heap before GC invocations=87 (full 2):
 garbage-first heap   total 524288K, used 167224K [0x0000000701800000, 0x0000000800000000)
  region size 2048K, 40 young (81920K), 2 survivors (4096K)
 Metaspace       used 83017K, committed 83712K, reserved 1179648K
  class space    used 11247K, committed 11584K, reserved 1048576K
}
Event: 804.896 GC heap after
{Heap after GC invocations=88 (full 2):
 garbage-first heap   total 524288K, used 89456K [0x0000000701800000, 0x0000000800000000)
  region size 2048K, 2 young (4096K), 2 survivors (4096K)
 Metaspace       used 83017K, committed 83712K, reserved 1179648K
  class space    used 11247K, committed 11584K, reserved 1048576K
}

