# JRE version: OpenJDK Runtime Environment Temurin-17.0.7+7 (17.0.7+7) (build 17.0.7+7)
# Java VM: OpenJDK 64-Bit Server VM Temurin-17.0.7+7 (17.0.7+7, mixed mode, sharing, tiered, compressed oops, compressed class ptrs, g1 gc, windows-amd64)
GC Precious Log:
 CPUs: 16 total, 16 available
 Memory: 32394M
 Large Page Support: Disabled
 NUMA Support: Disabled
 Compressed Oops: Enabled (Zero based)
 Heap Region Size: 2M
 Heap Min Capacity: 512M
 Heap Initial Capacity: 512M
 Heap Max Capacity: 4072M
 Pre-touch: Disabled
 Parallel Workers: 13
 Concurrent Workers: 3
 Concurrent Refinement Workers: 13
 Periodic GC: Disabled
 String Deduplication is enabled
Heap:
 garbage-first heap   total 524288K, used 110342K [0x0000000701800000, 0x0000000800000000)
  region size 2048K, 9 young (18432K), 1 survivors (2048K)
 Metaspace       used 86554K, committed 87296K, reserved 1179648K
  class space    used 11748K, committed 12096K, reserved 1048576K
GC Heap History (20 events):
Event: 1468.903 GC heap before
{Heap before GC invocations=111 (full 5):
 garbage-first heap   total 524288K, used 175548K [0x0000000701800000, 0x0000000800000000)
  region size 2048K, 40 young (81920K), 3 survivors (6144K)
 Metaspace       used 86250K, committed 86976K, reserved 1179648K
  class space    used 11748K, committed 12096K, reserved 1048576K
}
Event: 1468.908 GC heap after
{Heap after GC invocations=112 (full 5):
 garbage-first heap   total 524288K, used 103555K [0x0000000701800000, 0x0000000800000000)
  region size 2048K, 5 young (10240K), 5 survivors (10240K)
 Metaspace       used 86250K, committed 86976K, reserved 1179648K
  class space    used 11748K, committed 12096K, reserved 1048576K
}
Event: 1469.632 GC heap before
{Heap before GC invocations=112 (full 5):
 garbage-first heap   total 524288K, used 158851K [0x0000000701800000, 0x0000000800000000)
  region size 2048K, 33 young (67584K), 5 survivors (10240K)
 Metaspace       used 86384K, committed 87104K, reserved 1179648K
  class space    used 11748K, committed 12096K, reserved 1048576K
}
Event: 1469.682 GC heap after
{Heap after GC invocations=113 (full 6):
 garbage-first heap   total 524288K, used 94367K [0x0000000701800000, 0x0000000800000000)
  region size 2048K, 0 young (0K), 0 survivors (0K)
 Metaspace       used 86384K, committed 87104K, reserved 1179648K
  class space    used 11748K, committed 12096K, reserved 1048576K
}
Event: 1474.001 GC heap before
{Heap before GC invocations=113 (full 6):
 garbage-first heap   total 524288K, used 176287K [0x0000000701800000, 0x0000000800000000)
  region size 2048K, 40 young (81920K), 0 survivors (0K)
 Metaspace       used 86490K, committed 87232K, reserved 1179648K
  class space    used 11748K, committed 12096K, reserved 1048576K
}
Event: 1474.004 GC heap after
{Heap after GC invocations=114 (full 6):
 garbage-first heap   total 524288K, used 96721K [0x0000000701800000, 0x0000000800000000)
  region size 2048K, 2 young (4096K), 2 survivors (4096K)
 Metaspace       used 86490K, committed 87232K, reserved 1179648K
  class space    used 11748K, committed 12096K, reserved 1048576K
}
Event: 1518.507 GC heap before
{Heap before GC invocations=114 (full 6):
 garbage-first heap   total 524288K, used 174545K [0x0000000701800000, 0x0000000800000000)
  region size 2048K, 40 young (81920K), 2 survivors (4096K)
 Metaspace       used 86509K, committed 87232K, reserved 1179648K
  class space    used 11748K, committed 12096K, reserved 1048576K
}
Event: 1518.509 GC heap after
{Heap after GC invocations=115 (full 6):
 garbage-first heap   total 524288K, used 95919K [0x0000000701800000, 0x0000000800000000)
  region size 2048K, 1 young (2048K), 1 survivors (2048K)
 Metaspace       used 86509K, committed 87232K, reserved 1179648K
  class space    used 11748K, committed 12096K, reserved 1048576K
}
Event: 1530.213 GC heap before
{Heap before GC invocations=115 (full 6):
 garbage-first heap   total 524288K, used 175791K [0x0000000701800000, 0x0000000800000000)
  region size 2048K, 40 young (81920K), 1 survivors (2048K)
 Metaspace       used 86522K, committed 87296K, reserved 1179648K
  class space    used 11748K, committed 12096K, reserved 1048576K
}
Event: 1530.215 GC heap after
{Heap after GC invocations=116 (full 6):
 garbage-first heap   total 524288K, used 95821K [0x0000000701800000, 0x0000000800000000)
  region size 2048K, 1 young (2048K), 1 survivors (2048K)
 Metaspace       used 86522K, committed 87296K, reserved 1179648K
  class space    used 11748K, committed 12096K, reserved 1048576K
}
Event: 1544.446 GC heap before
{Heap before GC invocations=116 (full 6):
 garbage-first heap   total 524288K, used 175693K [0x0000000701800000, 0x0000000800000000)
  region size 2048K, 40 young (81920K), 1 survivors (2048K)
 Metaspace       used 86522K, committed 87296K, reserved 1179648K
  class space    used 11748K, committed 12096K, reserved 1048576K
}
Event: 1544.449 GC heap after
{Heap after GC invocations=117 (full 6):
 garbage-first heap   total 524288K, used 95785K [0x0000000701800000, 0x0000000800000000)
  region size 2048K, 1 young (2048K), 1 survivors (2048K)
 Metaspace       used 86522K, committed 87296K, reserved 1179648K
  class space    used 11748K, committed 12096K, reserved 1048576K
}
Event: 1564.208 GC heap before
{Heap before GC invocations=117 (full 6):
 garbage-first heap   total 524288K, used 175657K [0x0000000701800000, 0x0000000800000000)
  region size 2048K, 40 young (81920K), 1 survivors (2048K)
 Metaspace       used 86547K, committed 87296K, reserved 1179648K
  class space    used 11748K, committed 12096K, reserved 1048576K
}
Event: 1564.210 GC heap after
{Heap after GC invocations=118 (full 6):
 garbage-first heap   total 524288K, used 95852K [0x0000000701800000, 0x0000000800000000)
  region size 2048K, 1 young (2048K), 1 survivors (2048K)
 Metaspace       used 86547K, committed 87296K, reserved 1179648K
  class space    used 11748K, committed 12096K, reserved 1048576K
}
Event: 1574.810 GC heap before
{Heap before GC invocations=118 (full 6):
 garbage-first heap   total 524288K, used 175724K [0x0000000701800000, 0x0000000800000000)
  region size 2048K, 40 young (81920K), 1 survivors (2048K)
 Metaspace       used 86547K, committed 87296K, reserved 1179648K
  class space    used 11748K, committed 12096K, reserved 1048576K
}
Event: 1574.812 GC heap after
{Heap after GC invocations=119 (full 6):
 garbage-first heap   total 524288K, used 95956K [0x0000000701800000, 0x0000000800000000)
  region size 2048K, 1 young (2048K), 1 survivors (2048K)
 Metaspace       used 86547K, committed 87296K, reserved 1179648K
  class space    used 11748K, committed 12096K, reserved 1048576K
}
Event: 1588.910 GC heap before
{Heap before GC invocations=119 (full 6):
 garbage-first heap   total 524288K, used 175828K [0x0000000701800000, 0x0000000800000000)
  region size 2048K, 40 young (81920K), 1 survivors (2048K)
 Metaspace       used 86547K, committed 87296K, reserved 1179648K
  class space    used 11748K, committed 12096K, reserved 1048576K
}
Event: 1588.921 GC heap after
{Heap after GC invocations=120 (full 6):
 garbage-first heap   total 524288K, used 96131K [0x0000000701800000, 0x0000000800000000)
  region size 2048K, 1 young (2048K), 1 survivors (2048K)
 Metaspace       used 86547K, committed 87296K, reserved 1179648K
  class space    used 11748K, committed 12096K, reserved 1048576K
}
Event: 1602.058 GC heap before
{Heap before GC invocations=120 (full 6):
 garbage-first heap   total 524288K, used 176003K [0x0000000701800000, 0x0000000800000000)
  region size 2048K, 40 young (81920K), 1 survivors (2048K)
 Metaspace       used 86548K, committed 87296K, reserved 1179648K
  class space    used 11748K, committed 12096K, reserved 1048576K
}
Event: 1602.060 GC heap after
{Heap after GC invocations=121 (full 6):
 garbage-first heap   total 524288K, used 96006K [0x0000000701800000, 0x0000000800000000)
  region size 2048K, 1 young (2048K), 1 survivors (2048K)
 Metaspace       used 86548K, committed 87296K, reserved 1179648K
  class space    used 11748K, committed 12096K, reserved 1048576K
}

