# JRE version: OpenJDK Runtime Environment Temurin-17.0.7+7 (17.0.7+7) (build 17.0.7+7)
# Java VM: OpenJDK 64-Bit Server VM Temurin-17.0.7+7 (17.0.7+7, mixed mode, sharing, tiered, compressed oops, compressed class ptrs, g1 gc, windows-amd64)
GC Precious Log:
 CPUs: 16 total, 16 available
 Memory: 32394M
 Large Page Support: Disabled
 NUMA Support: Disabled
 Compressed Oops: Enabled (Zero based)
 Heap Region Size: 2M
 Heap Min Capacity: 512M
 Heap Initial Capacity: 512M
 Heap Max Capacity: 4072M
 Pre-touch: Disabled
 Parallel Workers: 13
 Concurrent Workers: 3
 Concurrent Refinement Workers: 13
 Periodic GC: Disabled
 String Deduplication is enabled
Heap:
 garbage-first heap   total 524288K, used 154811K [0x0000000701800000, 0x0000000800000000)
  region size 2048K, 32 young (65536K), 0 survivors (0K)
 Metaspace       used 85369K, committed 86016K, reserved 1179648K
  class space    used 11679K, committed 12032K, reserved 1048576K
GC Heap History (20 events):
Event: 922.440 GC heap before
{Heap before GC invocations=57 (full 3):
 garbage-first heap   total 524288K, used 163741K [0x0000000701800000, 0x0000000800000000)
  region size 2048K, 40 young (81920K), 1 survivors (2048K)
 Metaspace       used 79386K, committed 80000K, reserved 1179648K
  class space    used 10876K, committed 11200K, reserved 1048576K
}
Event: 922.442 GC heap after
{Heap after GC invocations=58 (full 3):
 garbage-first heap   total 524288K, used 83771K [0x0000000701800000, 0x0000000800000000)
  region size 2048K, 1 young (2048K), 1 survivors (2048K)
 Metaspace       used 79386K, committed 80000K, reserved 1179648K
  class space    used 10876K, committed 11200K, reserved 1048576K
}
Event: 929.425 GC heap before
{Heap before GC invocations=58 (full 3):
 garbage-first heap   total 524288K, used 163643K [0x0000000701800000, 0x0000000800000000)
  region size 2048K, 40 young (81920K), 1 survivors (2048K)
 Metaspace       used 79401K, committed 80000K, reserved 1179648K
  class space    used 10876K, committed 11200K, reserved 1048576K
}
Event: 929.428 GC heap after
{Heap after GC invocations=59 (full 3):
 garbage-first heap   total 524288K, used 83419K [0x0000000701800000, 0x0000000800000000)
  region size 2048K, 1 young (2048K), 1 survivors (2048K)
 Metaspace       used 79401K, committed 80000K, reserved 1179648K
  class space    used 10876K, committed 11200K, reserved 1048576K
}
Event: 944.757 GC heap before
{Heap before GC invocations=59 (full 3):
 garbage-first heap   total 524288K, used 163291K [0x0000000701800000, 0x0000000800000000)
  region size 2048K, 40 young (81920K), 1 survivors (2048K)
 Metaspace       used 79411K, committed 80000K, reserved 1179648K
  class space    used 10876K, committed 11200K, reserved 1048576K
}
Event: 944.760 GC heap after
{Heap after GC invocations=60 (full 3):
 garbage-first heap   total 524288K, used 83444K [0x0000000701800000, 0x0000000800000000)
  region size 2048K, 1 young (2048K), 1 survivors (2048K)
 Metaspace       used 79411K, committed 80000K, reserved 1179648K
  class space    used 10876K, committed 11200K, reserved 1048576K
}
Event: 957.544 GC heap before
{Heap before GC invocations=60 (full 3):
 garbage-first heap   total 524288K, used 163316K [0x0000000701800000, 0x0000000800000000)
  region size 2048K, 40 young (81920K), 1 survivors (2048K)
 Metaspace       used 79418K, committed 80000K, reserved 1179648K
  class space    used 10876K, committed 11200K, reserved 1048576K
}
Event: 957.546 GC heap after
{Heap after GC invocations=61 (full 3):
 garbage-first heap   total 524288K, used 83439K [0x0000000701800000, 0x0000000800000000)
  region size 2048K, 1 young (2048K), 1 survivors (2048K)
 Metaspace       used 79418K, committed 80000K, reserved 1179648K
  class space    used 10876K, committed 11200K, reserved 1048576K
}
Event: 969.638 GC heap before
{Heap before GC invocations=61 (full 3):
 garbage-first heap   total 524288K, used 163311K [0x0000000701800000, 0x0000000800000000)
  region size 2048K, 40 young (81920K), 1 survivors (2048K)
 Metaspace       used 79419K, committed 80000K, reserved 1179648K
  class space    used 10876K, committed 11200K, reserved 1048576K
}
Event: 969.640 GC heap after
{Heap after GC invocations=62 (full 3):
 garbage-first heap   total 524288K, used 83463K [0x0000000701800000, 0x0000000800000000)
  region size 2048K, 1 young (2048K), 1 survivors (2048K)
 Metaspace       used 79419K, committed 80000K, reserved 1179648K
  class space    used 10876K, committed 11200K, reserved 1048576K
}
Event: 1003.811 GC heap before
{Heap before GC invocations=62 (full 3):
 garbage-first heap   total 524288K, used 163335K [0x0000000701800000, 0x0000000800000000)
  region size 2048K, 40 young (81920K), 1 survivors (2048K)
 Metaspace       used 79426K, committed 80064K, reserved 1179648K
  class space    used 10876K, committed 11200K, reserved 1048576K
}
Event: 1003.813 GC heap after
{Heap after GC invocations=63 (full 3):
 garbage-first heap   total 524288K, used 83450K [0x0000000701800000, 0x0000000800000000)
  region size 2048K, 1 young (2048K), 1 survivors (2048K)
 Metaspace       used 79426K, committed 80064K, reserved 1179648K
  class space    used 10876K, committed 11200K, reserved 1048576K
}
Event: 1005.005 GC heap before
{Heap before GC invocations=63 (full 3):
 garbage-first heap   total 524288K, used 163322K [0x0000000701800000, 0x0000000800000000)
  region size 2048K, 40 young (81920K), 1 survivors (2048K)
 Metaspace       used 79495K, committed 80128K, reserved 1179648K
  class space    used 10885K, committed 11200K, reserved 1048576K
}
Event: 1005.006 GC heap after
{Heap after GC invocations=64 (full 3):
 garbage-first heap   total 524288K, used 83558K [0x0000000701800000, 0x0000000800000000)
  region size 2048K, 1 young (2048K), 1 survivors (2048K)
 Metaspace       used 79495K, committed 80128K, reserved 1179648K
  class space    used 10885K, committed 11200K, reserved 1048576K
}
Event: 1022.953 GC heap before
{Heap before GC invocations=64 (full 3):
 garbage-first heap   total 524288K, used 163430K [0x0000000701800000, 0x0000000800000000)
  region size 2048K, 40 young (81920K), 1 survivors (2048K)
 Metaspace       used 79890K, committed 80448K, reserved 1179648K
  class space    used 10907K, committed 11200K, reserved 1048576K
}
Event: 1022.956 GC heap after
{Heap after GC invocations=65 (full 3):
 garbage-first heap   total 524288K, used 84932K [0x0000000701800000, 0x0000000800000000)
  region size 2048K, 2 young (4096K), 2 survivors (4096K)
 Metaspace       used 79890K, committed 80448K, reserved 1179648K
  class space    used 10907K, committed 11200K, reserved 1048576K
}
Event: 1032.816 GC heap before
{Heap before GC invocations=65 (full 3):
 garbage-first heap   total 524288K, used 162756K [0x0000000701800000, 0x0000000800000000)
  region size 2048K, 40 young (81920K), 2 survivors (4096K)
 Metaspace       used 81257K, committed 81856K, reserved 1179648K
  class space    used 11159K, committed 11456K, reserved 1048576K
}
Event: 1032.820 GC heap after
{Heap after GC invocations=66 (full 3):
 garbage-first heap   total 524288K, used 89254K [0x0000000701800000, 0x0000000800000000)
  region size 2048K, 4 young (8192K), 4 survivors (8192K)
 Metaspace       used 81257K, committed 81856K, reserved 1179648K
  class space    used 11159K, committed 11456K, reserved 1048576K
}
Event: 1034.504 GC heap before
{Heap before GC invocations=66 (full 3):
 garbage-first heap   total 524288K, used 156838K [0x0000000701800000, 0x0000000800000000)
  region size 2048K, 39 young (79872K), 4 survivors (8192K)
 Metaspace       used 85225K, committed 85888K, reserved 1179648K
  class space    used 11671K, committed 12032K, reserved 1048576K
}
Event: 1034.555 GC heap after
{Heap after GC invocations=67 (full 4):
 garbage-first heap   total 524288K, used 91323K [0x0000000701800000, 0x0000000800000000)
  region size 2048K, 0 young (0K), 0 survivors (0K)
 Metaspace       used 85225K, committed 85888K, reserved 1179648K
  class space    used 11671K, committed 12032K, reserved 1048576K
}

