# JRE version: OpenJDK Runtime Environment Temurin-17.0.7+7 (17.0.7+7) (build 17.0.7+7)
# Java VM: OpenJDK 64-Bit Server VM Temurin-17.0.7+7 (17.0.7+7, mixed mode, sharing, tiered, compressed oops, compressed class ptrs, g1 gc, windows-amd64)
GC Precious Log:
 CPUs: 16 total, 16 available
 Memory: 32394M
 Large Page Support: Disabled
 NUMA Support: Disabled
 Compressed Oops: Enabled (Zero based)
 Heap Region Size: 2M
 Heap Min Capacity: 512M
 Heap Initial Capacity: 512M
 Heap Max Capacity: 4072M
 Pre-touch: Disabled
 Parallel Workers: 13
 Concurrent Workers: 3
 Concurrent Refinement Workers: 13
 Periodic GC: Disabled
 String Deduplication is enabled
Heap:
 garbage-first heap   total 524288K, used 108795K [0x0000000701800000, 0x0000000800000000)
  region size 2048K, 9 young (18432K), 3 survivors (6144K)
 Metaspace       used 82743K, committed 83328K, reserved 1179648K
  class space    used 11620K, committed 11904K, reserved 1048576K
GC Heap History (20 events):
Event: 77.946 GC heap before
{Heap before GC invocations=21 (full 2):
 garbage-first heap   total 524288K, used 168893K [0x0000000701800000, 0x0000000800000000)
  region size 2048K, 40 young (81920K), 3 survivors (6144K)
 Metaspace       used 78956K, committed 79488K, reserved 1179648K
  class space    used 11145K, committed 11392K, reserved 1048576K
}
Event: 77.949 GC heap after
{Heap after GC invocations=22 (full 2):
 garbage-first heap   total 524288K, used 94330K [0x0000000701800000, 0x0000000800000000)
  region size 2048K, 3 young (6144K), 3 survivors (6144K)
 Metaspace       used 78956K, committed 79488K, reserved 1179648K
  class space    used 11145K, committed 11392K, reserved 1048576K
}
Event: 161.275 GC heap before
{Heap before GC invocations=22 (full 2):
 garbage-first heap   total 524288K, used 170106K [0x0000000701800000, 0x0000000800000000)
  region size 2048K, 40 young (81920K), 3 survivors (6144K)
 Metaspace       used 80908K, committed 81472K, reserved 1179648K
  class space    used 11460K, committed 11776K, reserved 1048576K
}
Event: 161.279 GC heap after
{Heap after GC invocations=23 (full 2):
 garbage-first heap   total 524288K, used 97745K [0x0000000701800000, 0x0000000800000000)
  region size 2048K, 5 young (10240K), 5 survivors (10240K)
 Metaspace       used 80908K, committed 81472K, reserved 1179648K
  class space    used 11460K, committed 11776K, reserved 1048576K
}
Event: 164.783 GC heap before
{Heap before GC invocations=23 (full 2):
 garbage-first heap   total 524288K, used 169425K [0x0000000701800000, 0x0000000800000000)
  region size 2048K, 40 young (81920K), 5 survivors (10240K)
 Metaspace       used 81659K, committed 82304K, reserved 1179648K
  class space    used 11576K, committed 11904K, reserved 1048576K
}
Event: 164.789 GC heap after
{Heap after GC invocations=24 (full 2):
 garbage-first heap   total 524288K, used 98082K [0x0000000701800000, 0x0000000800000000)
  region size 2048K, 3 young (6144K), 3 survivors (6144K)
 Metaspace       used 81659K, committed 82304K, reserved 1179648K
  class space    used 11576K, committed 11904K, reserved 1048576K
}
Event: 167.002 GC heap before
{Heap before GC invocations=24 (full 2):
 garbage-first heap   total 524288K, used 173858K [0x0000000701800000, 0x0000000800000000)
  region size 2048K, 40 young (81920K), 3 survivors (6144K)
 Metaspace       used 81830K, committed 82496K, reserved 1179648K
  class space    used 11578K, committed 11904K, reserved 1048576K
}
Event: 167.005 GC heap after
{Heap after GC invocations=25 (full 2):
 garbage-first heap   total 524288K, used 97445K [0x0000000701800000, 0x0000000800000000)
  region size 2048K, 3 young (6144K), 3 survivors (6144K)
 Metaspace       used 81830K, committed 82496K, reserved 1179648K
  class space    used 11578K, committed 11904K, reserved 1048576K
}
Event: 168.810 GC heap before
{Heap before GC invocations=25 (full 2):
 garbage-first heap   total 524288K, used 173221K [0x0000000701800000, 0x0000000800000000)
  region size 2048K, 40 young (81920K), 3 survivors (6144K)
 Metaspace       used 82115K, committed 82688K, reserved 1179648K
  class space    used 11599K, committed 11904K, reserved 1048576K
}
Event: 168.814 GC heap after
{Heap after GC invocations=26 (full 2):
 garbage-first heap   total 524288K, used 97779K [0x0000000701800000, 0x0000000800000000)
  region size 2048K, 3 young (6144K), 3 survivors (6144K)
 Metaspace       used 82115K, committed 82688K, reserved 1179648K
  class space    used 11599K, committed 11904K, reserved 1048576K
}
Event: 171.139 GC heap before
{Heap before GC invocations=26 (full 2):
 garbage-first heap   total 524288K, used 173555K [0x0000000701800000, 0x0000000800000000)
  region size 2048K, 40 young (81920K), 3 survivors (6144K)
 Metaspace       used 82180K, committed 82816K, reserved 1179648K
  class space    used 11599K, committed 11904K, reserved 1048576K
}
Event: 171.142 GC heap after
{Heap after GC invocations=27 (full 2):
 garbage-first heap   total 524288K, used 96866K [0x0000000701800000, 0x0000000800000000)
  region size 2048K, 3 young (6144K), 3 survivors (6144K)
 Metaspace       used 82180K, committed 82816K, reserved 1179648K
  class space    used 11599K, committed 11904K, reserved 1048576K
}
Event: 187.290 GC heap before
{Heap before GC invocations=27 (full 2):
 garbage-first heap   total 524288K, used 172642K [0x0000000701800000, 0x0000000800000000)
  region size 2048K, 40 young (81920K), 3 survivors (6144K)
 Metaspace       used 82369K, committed 82944K, reserved 1179648K
  class space    used 11613K, committed 11904K, reserved 1048576K
}
Event: 187.293 GC heap after
{Heap after GC invocations=28 (full 2):
 garbage-first heap   total 524288K, used 97371K [0x0000000701800000, 0x0000000800000000)
  region size 2048K, 3 young (6144K), 3 survivors (6144K)
 Metaspace       used 82369K, committed 82944K, reserved 1179648K
  class space    used 11613K, committed 11904K, reserved 1048576K
}
Event: 214.712 GC heap before
{Heap before GC invocations=28 (full 2):
 garbage-first heap   total 524288K, used 173147K [0x0000000701800000, 0x0000000800000000)
  region size 2048K, 40 young (81920K), 3 survivors (6144K)
 Metaspace       used 82530K, committed 83136K, reserved 1179648K
  class space    used 11616K, committed 11904K, reserved 1048576K
}
Event: 214.715 GC heap after
{Heap after GC invocations=29 (full 2):
 garbage-first heap   total 524288K, used 97986K [0x0000000701800000, 0x0000000800000000)
  region size 2048K, 3 young (6144K), 3 survivors (6144K)
 Metaspace       used 82530K, committed 83136K, reserved 1179648K
  class space    used 11616K, committed 11904K, reserved 1048576K
}
Event: 218.990 GC heap before
{Heap before GC invocations=29 (full 2):
 garbage-first heap   total 524288K, used 173762K [0x0000000701800000, 0x0000000800000000)
  region size 2048K, 40 young (81920K), 3 survivors (6144K)
 Metaspace       used 82687K, committed 83264K, reserved 1179648K
  class space    used 11620K, committed 11904K, reserved 1048576K
}
Event: 218.994 GC heap after
{Heap after GC invocations=30 (full 2):
 garbage-first heap   total 524288K, used 98562K [0x0000000701800000, 0x0000000800000000)
  region size 2048K, 3 young (6144K), 3 survivors (6144K)
 Metaspace       used 82687K, committed 83264K, reserved 1179648K
  class space    used 11620K, committed 11904K, reserved 1048576K
}
Event: 220.845 GC heap before
{Heap before GC invocations=30 (full 2):
 garbage-first heap   total 524288K, used 174338K [0x0000000701800000, 0x0000000800000000)
  region size 2048K, 40 young (81920K), 3 survivors (6144K)
 Metaspace       used 82728K, committed 83328K, reserved 1179648K
  class space    used 11620K, committed 11904K, reserved 1048576K
}
Event: 220.849 GC heap after
{Heap after GC invocations=31 (full 2):
 garbage-first heap   total 524288K, used 98555K [0x0000000701800000, 0x0000000800000000)
  region size 2048K, 3 young (6144K), 3 survivors (6144K)
 Metaspace       used 82728K, committed 83328K, reserved 1179648K
  class space    used 11620K, committed 11904K, reserved 1048576K
}

