# JRE version: OpenJDK Runtime Environment Temurin-17.0.7+7 (17.0.7+7) (build 17.0.7+7)
# Java VM: OpenJDK 64-Bit Server VM Temurin-17.0.7+7 (17.0.7+7, mixed mode, sharing, tiered, compressed oops, compressed class ptrs, g1 gc, windows-amd64)
GC Precious Log:
 CPUs: 16 total, 16 available
 Memory: 32394M
 Large Page Support: Disabled
 NUMA Support: Disabled
 Compressed Oops: Enabled (Zero based)
 Heap Region Size: 2M
 Heap Min Capacity: 512M
 Heap Initial Capacity: 512M
 Heap Max Capacity: 4072M
 Pre-touch: Disabled
 Parallel Workers: 13
 Concurrent Workers: 3
 Concurrent Refinement Workers: 13
 Periodic GC: Disabled
 String Deduplication is enabled
Heap:
 garbage-first heap   total 524288K, used 103943K [0x0000000701800000, 0x0000000800000000)
  region size 2048K, 4 young (8192K), 2 survivors (4096K)
 Metaspace       used 92459K, committed 93056K, reserved 1179648K
  class space    used 13394K, committed 13696K, reserved 1048576K
GC Heap History (20 events):
Event: 7035.236 GC heap before
{Heap before GC invocations=151 (full 5):
 garbage-first heap   total 524288K, used 179920K [0x0000000701800000, 0x0000000800000000)
  region size 2048K, 40 young (81920K), 1 survivors (2048K)
 Metaspace       used 92357K, committed 92992K, reserved 1179648K
  class space    used 13392K, committed 13696K, reserved 1048576K
}
Event: 7035.239 GC heap after
{Heap after GC invocations=152 (full 5):
 garbage-first heap   total 524288K, used 99994K [0x0000000701800000, 0x0000000800000000)
  region size 2048K, 1 young (2048K), 1 survivors (2048K)
 Metaspace       used 92357K, committed 92992K, reserved 1179648K
  class space    used 13392K, committed 13696K, reserved 1048576K
}
Event: 7057.259 GC heap before
{Heap before GC invocations=152 (full 5):
 garbage-first heap   total 524288K, used 179866K [0x0000000701800000, 0x0000000800000000)
  region size 2048K, 40 young (81920K), 1 survivors (2048K)
 Metaspace       used 92358K, committed 92992K, reserved 1179648K
  class space    used 13392K, committed 13696K, reserved 1048576K
}
Event: 7057.262 GC heap after
{Heap after GC invocations=153 (full 5):
 garbage-first heap   total 524288K, used 100156K [0x0000000701800000, 0x0000000800000000)
  region size 2048K, 1 young (2048K), 1 survivors (2048K)
 Metaspace       used 92358K, committed 92992K, reserved 1179648K
  class space    used 13392K, committed 13696K, reserved 1048576K
}
Event: 7070.819 GC heap before
{Heap before GC invocations=153 (full 5):
 garbage-first heap   total 524288K, used 180028K [0x0000000701800000, 0x0000000800000000)
  region size 2048K, 40 young (81920K), 1 survivors (2048K)
 Metaspace       used 92367K, committed 92992K, reserved 1179648K
  class space    used 13392K, committed 13696K, reserved 1048576K
}
Event: 7070.821 GC heap after
{Heap after GC invocations=154 (full 5):
 garbage-first heap   total 524288K, used 100227K [0x0000000701800000, 0x0000000800000000)
  region size 2048K, 1 young (2048K), 1 survivors (2048K)
 Metaspace       used 92367K, committed 92992K, reserved 1179648K
  class space    used 13392K, committed 13696K, reserved 1048576K
}
Event: 7096.317 GC heap before
{Heap before GC invocations=154 (full 5):
 garbage-first heap   total 524288K, used 180099K [0x0000000701800000, 0x0000000800000000)
  region size 2048K, 40 young (81920K), 1 survivors (2048K)
 Metaspace       used 92370K, committed 92992K, reserved 1179648K
  class space    used 13392K, committed 13696K, reserved 1048576K
}
Event: 7096.320 GC heap after
{Heap after GC invocations=155 (full 5):
 garbage-first heap   total 524288K, used 100075K [0x0000000701800000, 0x0000000800000000)
  region size 2048K, 1 young (2048K), 1 survivors (2048K)
 Metaspace       used 92370K, committed 92992K, reserved 1179648K
  class space    used 13392K, committed 13696K, reserved 1048576K
}
Event: 7132.281 GC heap before
{Heap before GC invocations=155 (full 5):
 garbage-first heap   total 524288K, used 179947K [0x0000000701800000, 0x0000000800000000)
  region size 2048K, 40 young (81920K), 1 survivors (2048K)
 Metaspace       used 92371K, committed 92992K, reserved 1179648K
  class space    used 13392K, committed 13696K, reserved 1048576K
}
Event: 7132.284 GC heap after
{Heap after GC invocations=156 (full 5):
 garbage-first heap   total 524288K, used 100036K [0x0000000701800000, 0x0000000800000000)
  region size 2048K, 1 young (2048K), 1 survivors (2048K)
 Metaspace       used 92371K, committed 92992K, reserved 1179648K
  class space    used 13392K, committed 13696K, reserved 1048576K
}
Event: 7167.967 GC heap before
{Heap before GC invocations=156 (full 5):
 garbage-first heap   total 524288K, used 179908K [0x0000000701800000, 0x0000000800000000)
  region size 2048K, 40 young (81920K), 1 survivors (2048K)
 Metaspace       used 92420K, committed 93056K, reserved 1179648K
  class space    used 13393K, committed 13696K, reserved 1048576K
}
Event: 7167.971 GC heap after
{Heap after GC invocations=157 (full 5):
 garbage-first heap   total 524288K, used 100754K [0x0000000701800000, 0x0000000800000000)
  region size 2048K, 1 young (2048K), 1 survivors (2048K)
 Metaspace       used 92420K, committed 93056K, reserved 1179648K
  class space    used 13393K, committed 13696K, reserved 1048576K
}
Event: 7169.998 GC heap before
{Heap before GC invocations=157 (full 5):
 garbage-first heap   total 524288K, used 180626K [0x0000000701800000, 0x0000000800000000)
  region size 2048K, 40 young (81920K), 1 survivors (2048K)
 Metaspace       used 92429K, committed 93056K, reserved 1179648K
  class space    used 13394K, committed 13696K, reserved 1048576K
}
Event: 7170.000 GC heap after
{Heap after GC invocations=158 (full 5):
 garbage-first heap   total 524288K, used 101605K [0x0000000701800000, 0x0000000800000000)
  region size 2048K, 2 young (4096K), 2 survivors (4096K)
 Metaspace       used 92429K, committed 93056K, reserved 1179648K
  class space    used 13394K, committed 13696K, reserved 1048576K
}
Event: 7170.246 GC heap before
{Heap before GC invocations=158 (full 5):
 garbage-first heap   total 524288K, used 179429K [0x0000000701800000, 0x0000000800000000)
  region size 2048K, 40 young (81920K), 2 survivors (4096K)
 Metaspace       used 92430K, committed 93056K, reserved 1179648K
  class space    used 13394K, committed 13696K, reserved 1048576K
}
Event: 7170.249 GC heap after
{Heap after GC invocations=159 (full 5):
 garbage-first heap   total 524288K, used 101774K [0x0000000701800000, 0x0000000800000000)
  region size 2048K, 2 young (4096K), 2 survivors (4096K)
 Metaspace       used 92430K, committed 93056K, reserved 1179648K
  class space    used 13394K, committed 13696K, reserved 1048576K
}
Event: 7171.103 GC heap before
{Heap before GC invocations=159 (full 5):
 garbage-first heap   total 524288K, used 179598K [0x0000000701800000, 0x0000000800000000)
  region size 2048K, 40 young (81920K), 2 survivors (4096K)
 Metaspace       used 92430K, committed 93056K, reserved 1179648K
  class space    used 13394K, committed 13696K, reserved 1048576K
}
Event: 7171.105 GC heap after
{Heap after GC invocations=160 (full 5):
 garbage-first heap   total 524288K, used 101814K [0x0000000701800000, 0x0000000800000000)
  region size 2048K, 2 young (4096K), 2 survivors (4096K)
 Metaspace       used 92430K, committed 93056K, reserved 1179648K
  class space    used 13394K, committed 13696K, reserved 1048576K
}
Event: 7173.557 GC heap before
{Heap before GC invocations=160 (full 5):
 garbage-first heap   total 524288K, used 179638K [0x0000000701800000, 0x0000000800000000)
  region size 2048K, 40 young (81920K), 2 survivors (4096K)
 Metaspace       used 92456K, committed 93056K, reserved 1179648K
  class space    used 13394K, committed 13696K, reserved 1048576K
}
Event: 7173.559 GC heap after
{Heap after GC invocations=161 (full 5):
 garbage-first heap   total 524288K, used 101895K [0x0000000701800000, 0x0000000800000000)
  region size 2048K, 2 young (4096K), 2 survivors (4096K)
 Metaspace       used 92456K, committed 93056K, reserved 1179648K
  class space    used 13394K, committed 13696K, reserved 1048576K
}

