# JRE version: OpenJDK Runtime Environment Temurin-17.0.7+7 (17.0.7+7) (build 17.0.7+7)
# Java VM: OpenJDK 64-Bit Server VM Temurin-17.0.7+7 (17.0.7+7, mixed mode, sharing, tiered, compressed oops, compressed class ptrs, g1 gc, windows-amd64)
GC Precious Log:
 CPUs: 16 total, 16 available
 Memory: 32394M
 Large Page Support: Disabled
 NUMA Support: Disabled
 Compressed Oops: Enabled (Zero based)
 Heap Region Size: 2M
 Heap Min Capacity: 512M
 Heap Initial Capacity: 512M
 Heap Max Capacity: 4072M
 Pre-touch: Disabled
 Parallel Workers: 13
 Concurrent Workers: 3
 Concurrent Refinement Workers: 13
 Periodic GC: Disabled
 String Deduplication is enabled
Heap:
 garbage-first heap   total 524288K, used 129853K [0x0000000701800000, 0x0000000800000000)
  region size 2048K, 25 young (51200K), 1 survivors (2048K)
 Metaspace       used 80611K, committed 81344K, reserved 1179648K
  class space    used 10997K, committed 11392K, reserved 1048576K
GC Heap History (20 events):
Event: 1791.021 GC heap before
{Heap before GC invocations=110 (full 2):
 garbage-first heap   total 524288K, used 165993K [0x0000000701800000, 0x0000000800000000)
  region size 2048K, 40 young (81920K), 1 survivors (2048K)
 Metaspace       used 80313K, committed 81024K, reserved 1179648K
  class space    used 10976K, committed 11328K, reserved 1048576K
}
Event: 1791.023 GC heap after
{Heap after GC invocations=111 (full 2):
 garbage-first heap   total 524288K, used 86135K [0x0000000701800000, 0x0000000800000000)
  region size 2048K, 1 young (2048K), 1 survivors (2048K)
 Metaspace       used 80313K, committed 81024K, reserved 1179648K
  class space    used 10976K, committed 11328K, reserved 1048576K
}
Event: 1804.554 GC heap before
{Heap before GC invocations=111 (full 2):
 garbage-first heap   total 524288K, used 166007K [0x0000000701800000, 0x0000000800000000)
  region size 2048K, 40 young (81920K), 1 survivors (2048K)
 Metaspace       used 80334K, committed 81088K, reserved 1179648K
  class space    used 10976K, committed 11328K, reserved 1048576K
}
Event: 1804.558 GC heap after
{Heap after GC invocations=112 (full 2):
 garbage-first heap   total 524288K, used 86137K [0x0000000701800000, 0x0000000800000000)
  region size 2048K, 1 young (2048K), 1 survivors (2048K)
 Metaspace       used 80334K, committed 81088K, reserved 1179648K
  class space    used 10976K, committed 11328K, reserved 1048576K
}
Event: 1823.627 GC heap before
{Heap before GC invocations=112 (full 2):
 garbage-first heap   total 524288K, used 166009K [0x0000000701800000, 0x0000000800000000)
  region size 2048K, 40 young (81920K), 1 survivors (2048K)
 Metaspace       used 80340K, committed 81088K, reserved 1179648K
  class space    used 10976K, committed 11328K, reserved 1048576K
}
Event: 1823.630 GC heap after
{Heap after GC invocations=113 (full 2):
 garbage-first heap   total 524288K, used 86160K [0x0000000701800000, 0x0000000800000000)
  region size 2048K, 1 young (2048K), 1 survivors (2048K)
 Metaspace       used 80340K, committed 81088K, reserved 1179648K
  class space    used 10976K, committed 11328K, reserved 1048576K
}
Event: 1826.571 GC heap before
{Heap before GC invocations=113 (full 2):
 garbage-first heap   total 524288K, used 166032K [0x0000000701800000, 0x0000000800000000)
  region size 2048K, 40 young (81920K), 1 survivors (2048K)
 Metaspace       used 80340K, committed 81088K, reserved 1179648K
  class space    used 10976K, committed 11328K, reserved 1048576K
}
Event: 1826.572 GC heap after
{Heap after GC invocations=114 (full 2):
 garbage-first heap   total 524288K, used 86142K [0x0000000701800000, 0x0000000800000000)
  region size 2048K, 1 young (2048K), 1 survivors (2048K)
 Metaspace       used 80340K, committed 81088K, reserved 1179648K
  class space    used 10976K, committed 11328K, reserved 1048576K
}
Event: 1827.016 GC heap before
{Heap before GC invocations=114 (full 2):
 garbage-first heap   total 524288K, used 166014K [0x0000000701800000, 0x0000000800000000)
  region size 2048K, 40 young (81920K), 1 survivors (2048K)
 Metaspace       used 80342K, committed 81088K, reserved 1179648K
  class space    used 10976K, committed 11328K, reserved 1048576K
}
Event: 1827.018 GC heap after
{Heap after GC invocations=115 (full 2):
 garbage-first heap   total 524288K, used 86164K [0x0000000701800000, 0x0000000800000000)
  region size 2048K, 1 young (2048K), 1 survivors (2048K)
 Metaspace       used 80342K, committed 81088K, reserved 1179648K
  class space    used 10976K, committed 11328K, reserved 1048576K
}
Event: 1830.013 GC heap before
{Heap before GC invocations=115 (full 2):
 garbage-first heap   total 524288K, used 129172K [0x0000000701800000, 0x0000000800000000)
  region size 2048K, 23 young (47104K), 1 survivors (2048K)
 Metaspace       used 80343K, committed 81088K, reserved 1179648K
  class space    used 10976K, committed 11328K, reserved 1048576K
}
Event: 1830.065 GC heap after
{Heap after GC invocations=116 (full 3):
 garbage-first heap   total 524288K, used 82453K [0x0000000701800000, 0x0000000800000000)
  region size 2048K, 0 young (0K), 0 survivors (0K)
 Metaspace       used 80343K, committed 81088K, reserved 1179648K
  class space    used 10976K, committed 11328K, reserved 1048576K
}
Event: 1839.706 GC heap before
{Heap before GC invocations=116 (full 3):
 garbage-first heap   total 524288K, used 164373K [0x0000000701800000, 0x0000000800000000)
  region size 2048K, 40 young (81920K), 0 survivors (0K)
 Metaspace       used 80362K, committed 81088K, reserved 1179648K
  class space    used 10976K, committed 11328K, reserved 1048576K
}
Event: 1839.708 GC heap after
{Heap after GC invocations=117 (full 3):
 garbage-first heap   total 524288K, used 82725K [0x0000000701800000, 0x0000000800000000)
  region size 2048K, 1 young (2048K), 1 survivors (2048K)
 Metaspace       used 80362K, committed 81088K, reserved 1179648K
  class space    used 10976K, committed 11328K, reserved 1048576K
}
Event: 1849.583 GC heap before
{Heap before GC invocations=117 (full 3):
 garbage-first heap   total 524288K, used 162597K [0x0000000701800000, 0x0000000800000000)
  region size 2048K, 40 young (81920K), 1 survivors (2048K)
 Metaspace       used 80364K, committed 81088K, reserved 1179648K
  class space    used 10976K, committed 11328K, reserved 1048576K
}
Event: 1849.585 GC heap after
{Heap after GC invocations=118 (full 3):
 garbage-first heap   total 524288K, used 82717K [0x0000000701800000, 0x0000000800000000)
  region size 2048K, 1 young (2048K), 1 survivors (2048K)
 Metaspace       used 80364K, committed 81088K, reserved 1179648K
  class space    used 10976K, committed 11328K, reserved 1048576K
}
Event: 1862.809 GC heap before
{Heap before GC invocations=118 (full 3):
 garbage-first heap   total 524288K, used 162589K [0x0000000701800000, 0x0000000800000000)
  region size 2048K, 40 young (81920K), 1 survivors (2048K)
 Metaspace       used 80365K, committed 81088K, reserved 1179648K
  class space    used 10976K, committed 11328K, reserved 1048576K
}
Event: 1862.812 GC heap after
{Heap after GC invocations=119 (full 3):
 garbage-first heap   total 524288K, used 82756K [0x0000000701800000, 0x0000000800000000)
  region size 2048K, 1 young (2048K), 1 survivors (2048K)
 Metaspace       used 80365K, committed 81088K, reserved 1179648K
  class space    used 10976K, committed 11328K, reserved 1048576K
}
Event: 1863.927 GC heap before
{Heap before GC invocations=119 (full 3):
 garbage-first heap   total 524288K, used 162628K [0x0000000701800000, 0x0000000800000000)
  region size 2048K, 40 young (81920K), 1 survivors (2048K)
 Metaspace       used 80365K, committed 81088K, reserved 1179648K
  class space    used 10976K, committed 11328K, reserved 1048576K
}
Event: 1863.929 GC heap after
{Heap after GC invocations=120 (full 3):
 garbage-first heap   total 524288K, used 82749K [0x0000000701800000, 0x0000000800000000)
  region size 2048K, 1 young (2048K), 1 survivors (2048K)
 Metaspace       used 80365K, committed 81088K, reserved 1179648K
  class space    used 10976K, committed 11328K, reserved 1048576K
}

