# JRE version: OpenJDK Runtime Environment Temurin-17.0.7+7 (17.0.7+7) (build 17.0.7+7)
# Java VM: OpenJDK 64-Bit Server VM Temurin-17.0.7+7 (17.0.7+7, mixed mode, sharing, tiered, compressed oops, compressed class ptrs, g1 gc, windows-amd64)
GC Precious Log:
 CPUs: 16 total, 16 available
 Memory: 32394M
 Large Page Support: Disabled
 NUMA Support: Disabled
 Compressed Oops: Enabled (Zero based)
 Heap Region Size: 2M
 Heap Min Capacity: 512M
 Heap Initial Capacity: 512M
 Heap Max Capacity: 4072M
 Pre-touch: Disabled
 Parallel Workers: 13
 Concurrent Workers: 3
 Concurrent Refinement Workers: 13
 Periodic GC: Disabled
 String Deduplication is enabled
Heap:
 garbage-first heap   total 524288K, used 123425K [0x0000000701800000, 0x0000000800000000)
  region size 2048K, 18 young (36864K), 0 survivors (0K)
 Metaspace       used 88119K, committed 88832K, reserved 1179648K
  class space    used 11793K, committed 12160K, reserved 1048576K
GC Heap History (20 events):
Event: 2344.440 GC heap before
{Heap before GC invocations=1705 (full 1163):
 garbage-first heap   total 524288K, used 92783K [0x0000000701800000, 0x0000000800000000)
  region size 2048K, 2 young (4096K), 0 survivors (0K)
 Metaspace       used 88087K, committed 88832K, reserved 1179648K
  class space    used 11793K, committed 12160K, reserved 1048576K
}
Event: 2344.496 GC heap after
{Heap after GC invocations=1706 (full 1164):
 garbage-first heap   total 524288K, used 90757K [0x0000000701800000, 0x0000000800000000)
  region size 2048K, 0 young (0K), 0 survivors (0K)
 Metaspace       used 88087K, committed 88832K, reserved 1179648K
  class space    used 11793K, committed 12160K, reserved 1048576K
}
Event: 2344.553 GC heap before
{Heap before GC invocations=1706 (full 1164):
 garbage-first heap   total 524288K, used 94853K [0x0000000701800000, 0x0000000800000000)
  region size 2048K, 3 young (6144K), 0 survivors (0K)
 Metaspace       used 88087K, committed 88832K, reserved 1179648K
  class space    used 11793K, committed 12160K, reserved 1048576K
}
Event: 2344.608 GC heap after
{Heap after GC invocations=1707 (full 1165):
 garbage-first heap   total 524288K, used 90745K [0x0000000701800000, 0x0000000800000000)
  region size 2048K, 0 young (0K), 0 survivors (0K)
 Metaspace       used 88087K, committed 88832K, reserved 1179648K
  class space    used 11793K, committed 12160K, reserved 1048576K
}
Event: 2344.646 GC heap before
{Heap before GC invocations=1707 (full 1165):
 garbage-first heap   total 524288K, used 92793K [0x0000000701800000, 0x0000000800000000)
  region size 2048K, 2 young (4096K), 0 survivors (0K)
 Metaspace       used 88087K, committed 88832K, reserved 1179648K
  class space    used 11793K, committed 12160K, reserved 1048576K
}
Event: 2344.714 GC heap after
{Heap after GC invocations=1708 (full 1166):
 garbage-first heap   total 524288K, used 90727K [0x0000000701800000, 0x0000000800000000)
  region size 2048K, 0 young (0K), 0 survivors (0K)
 Metaspace       used 88087K, committed 88832K, reserved 1179648K
  class space    used 11793K, committed 12160K, reserved 1048576K
}
Event: 2344.763 GC heap before
{Heap before GC invocations=1708 (full 1166):
 garbage-first heap   total 524288K, used 92775K [0x0000000701800000, 0x0000000800000000)
  region size 2048K, 2 young (4096K), 0 survivors (0K)
 Metaspace       used 88087K, committed 88832K, reserved 1179648K
  class space    used 11793K, committed 12160K, reserved 1048576K
}
Event: 2344.765 GC heap after
{Heap after GC invocations=1709 (full 1166):
 garbage-first heap   total 524288K, used 90847K [0x0000000701800000, 0x0000000800000000)
  region size 2048K, 1 young (2048K), 1 survivors (2048K)
 Metaspace       used 88087K, committed 88832K, reserved 1179648K
  class space    used 11793K, committed 12160K, reserved 1048576K
}
Event: 2347.627 GC heap before
{Heap before GC invocations=1709 (full 1166):
 garbage-first heap   total 524288K, used 99039K [0x0000000701800000, 0x0000000800000000)
  region size 2048K, 6 young (12288K), 1 survivors (2048K)
 Metaspace       used 88087K, committed 88832K, reserved 1179648K
  class space    used 11793K, committed 12160K, reserved 1048576K
}
Event: 2347.681 GC heap after
{Heap after GC invocations=1710 (full 1167):
 garbage-first heap   total 524288K, used 90776K [0x0000000701800000, 0x0000000800000000)
  region size 2048K, 0 young (0K), 0 survivors (0K)
 Metaspace       used 88087K, committed 88832K, reserved 1179648K
  class space    used 11793K, committed 12160K, reserved 1048576K
}
Event: 2347.733 GC heap before
{Heap before GC invocations=1710 (full 1167):
 garbage-first heap   total 524288K, used 92824K [0x0000000701800000, 0x0000000800000000)
  region size 2048K, 2 young (4096K), 0 survivors (0K)
 Metaspace       used 88087K, committed 88832K, reserved 1179648K
  class space    used 11793K, committed 12160K, reserved 1048576K
}
Event: 2347.782 GC heap after
{Heap after GC invocations=1711 (full 1168):
 garbage-first heap   total 524288K, used 90779K [0x0000000701800000, 0x0000000800000000)
  region size 2048K, 0 young (0K), 0 survivors (0K)
 Metaspace       used 88087K, committed 88832K, reserved 1179648K
  class space    used 11793K, committed 12160K, reserved 1048576K
}
Event: 2347.820 GC heap before
{Heap before GC invocations=1711 (full 1168):
 garbage-first heap   total 524288K, used 92827K [0x0000000701800000, 0x0000000800000000)
  region size 2048K, 2 young (4096K), 0 survivors (0K)
 Metaspace       used 88087K, committed 88832K, reserved 1179648K
  class space    used 11793K, committed 12160K, reserved 1048576K
}
Event: 2347.876 GC heap after
{Heap after GC invocations=1712 (full 1169):
 garbage-first heap   total 524288K, used 90812K [0x0000000701800000, 0x0000000800000000)
  region size 2048K, 0 young (0K), 0 survivors (0K)
 Metaspace       used 88087K, committed 88832K, reserved 1179648K
  class space    used 11793K, committed 12160K, reserved 1048576K
}
Event: 2350.339 GC heap before
{Heap before GC invocations=1712 (full 1169):
 garbage-first heap   total 524288K, used 105148K [0x0000000701800000, 0x0000000800000000)
  region size 2048K, 5 young (10240K), 0 survivors (0K)
 Metaspace       used 88087K, committed 88832K, reserved 1179648K
  class space    used 11793K, committed 12160K, reserved 1048576K
}
Event: 2350.390 GC heap after
{Heap after GC invocations=1713 (full 1170):
 garbage-first heap   total 524288K, used 88787K [0x0000000701800000, 0x0000000800000000)
  region size 2048K, 0 young (0K), 0 survivors (0K)
 Metaspace       used 88087K, committed 88832K, reserved 1179648K
  class space    used 11793K, committed 12160K, reserved 1048576K
}
Event: 2383.942 GC heap before
{Heap before GC invocations=1713 (full 1170):
 garbage-first heap   total 524288K, used 172755K [0x0000000701800000, 0x0000000800000000)
  region size 2048K, 40 young (81920K), 0 survivors (0K)
 Metaspace       used 88098K, committed 88832K, reserved 1179648K
  class space    used 11793K, committed 12160K, reserved 1048576K
}
Event: 2383.946 GC heap after
{Heap after GC invocations=1714 (full 1170):
 garbage-first heap   total 1572864K, used 91208K [0x0000000701800000, 0x0000000800000000)
  region size 2048K, 1 young (2048K), 1 survivors (2048K)
 Metaspace       used 88098K, committed 88832K, reserved 1179648K
  class space    used 11793K, committed 12160K, reserved 1048576K
}
Event: 2404.945 GC heap before
{Heap before GC invocations=1714 (full 1170):
 garbage-first heap   total 1572864K, used 154696K [0x0000000701800000, 0x0000000800000000)
  region size 2048K, 33 young (67584K), 1 survivors (2048K)
 Metaspace       used 88118K, committed 88832K, reserved 1179648K
  class space    used 11793K, committed 12160K, reserved 1048576K
}
Event: 2405.002 GC heap after
{Heap after GC invocations=1715 (full 1171):
 garbage-first heap   total 524288K, used 88609K [0x0000000701800000, 0x0000000800000000)
  region size 2048K, 0 young (0K), 0 survivors (0K)
 Metaspace       used 88118K, committed 88832K, reserved 1179648K
  class space    used 11793K, committed 12160K, reserved 1048576K
}

