# JRE version: OpenJDK Runtime Environment Temurin-17.0.7+7 (17.0.7+7) (build 17.0.7+7)
# Java VM: OpenJDK 64-Bit Server VM Temurin-17.0.7+7 (17.0.7+7, mixed mode, sharing, tiered, compressed oops, compressed class ptrs, g1 gc, windows-amd64)
GC Precious Log:
 CPUs: 16 total, 16 available
 Memory: 32394M
 Large Page Support: Disabled
 NUMA Support: Disabled
 Compressed Oops: Enabled (Zero based)
 Heap Region Size: 2M
 Heap Min Capacity: 512M
 Heap Initial Capacity: 512M
 Heap Max Capacity: 4072M
 Pre-touch: Disabled
 Parallel Workers: 13
 Concurrent Workers: 3
 Concurrent Refinement Workers: 13
 Periodic GC: Disabled
 String Deduplication is enabled
Heap:
 garbage-first heap   total 524288K, used 95665K [0x0000000701800000, 0x0000000800000000)
  region size 2048K, 3 young (6144K), 2 survivors (4096K)
 Metaspace       used 86851K, committed 87552K, reserved 1179648K
  class space    used 11699K, committed 12032K, reserved 1048576K
GC Heap History (20 events):
Event: 571.569 GC heap before
{Heap before GC invocations=203 (full 109):
 garbage-first heap   total 524288K, used 170439K [0x0000000701800000, 0x0000000800000000)
  region size 2048K, 40 young (81920K), 2 survivors (4096K)
 Metaspace       used 86375K, committed 87104K, reserved 1179648K
  class space    used 11677K, committed 12032K, reserved 1048576K
}
Event: 571.573 GC heap after
{Heap after GC invocations=204 (full 109):
 garbage-first heap   total 524288K, used 95708K [0x0000000701800000, 0x0000000800000000)
  region size 2048K, 4 young (8192K), 4 survivors (8192K)
 Metaspace       used 86375K, committed 87104K, reserved 1179648K
  class space    used 11677K, committed 12032K, reserved 1048576K
}
Event: 572.435 GC heap before
{Heap before GC invocations=204 (full 109):
 garbage-first heap   total 524288K, used 167388K [0x0000000701800000, 0x0000000800000000)
  region size 2048K, 40 young (81920K), 4 survivors (8192K)
 Metaspace       used 86408K, committed 87104K, reserved 1179648K
  class space    used 11677K, committed 12032K, reserved 1048576K
}
Event: 572.509 GC heap after
{Heap after GC invocations=205 (full 110):
 garbage-first heap   total 524288K, used 92547K [0x0000000701800000, 0x0000000800000000)
  region size 2048K, 0 young (0K), 0 survivors (0K)
 Metaspace       used 86408K, committed 87104K, reserved 1179648K
  class space    used 11677K, committed 12032K, reserved 1048576K
}
Event: 576.723 GC heap before
{Heap before GC invocations=205 (full 110):
 garbage-first heap   total 524288K, used 174467K [0x0000000701800000, 0x0000000800000000)
  region size 2048K, 40 young (81920K), 0 survivors (0K)
 Metaspace       used 86462K, committed 87168K, reserved 1179648K
  class space    used 11677K, committed 12032K, reserved 1048576K
}
Event: 576.725 GC heap after
{Heap after GC invocations=206 (full 110):
 garbage-first heap   total 524288K, used 94217K [0x0000000701800000, 0x0000000800000000)
  region size 2048K, 1 young (2048K), 1 survivors (2048K)
 Metaspace       used 86462K, committed 87168K, reserved 1179648K
  class space    used 11677K, committed 12032K, reserved 1048576K
}
Event: 586.601 GC heap before
{Heap before GC invocations=206 (full 110):
 garbage-first heap   total 524288K, used 174089K [0x0000000701800000, 0x0000000800000000)
  region size 2048K, 40 young (81920K), 1 survivors (2048K)
 Metaspace       used 86528K, committed 87232K, reserved 1179648K
  class space    used 11677K, committed 12032K, reserved 1048576K
}
Event: 586.602 GC heap after
{Heap after GC invocations=207 (full 110):
 garbage-first heap   total 524288K, used 93968K [0x0000000701800000, 0x0000000800000000)
  region size 2048K, 1 young (2048K), 1 survivors (2048K)
 Metaspace       used 86528K, committed 87232K, reserved 1179648K
  class space    used 11677K, committed 12032K, reserved 1048576K
}
Event: 602.369 GC heap before
{Heap before GC invocations=207 (full 110):
 garbage-first heap   total 524288K, used 173840K [0x0000000701800000, 0x0000000800000000)
  region size 2048K, 40 young (81920K), 1 survivors (2048K)
 Metaspace       used 86556K, committed 87232K, reserved 1179648K
  class space    used 11677K, committed 12032K, reserved 1048576K
}
Event: 602.371 GC heap after
{Heap after GC invocations=208 (full 110):
 garbage-first heap   total 524288K, used 93896K [0x0000000701800000, 0x0000000800000000)
  region size 2048K, 1 young (2048K), 1 survivors (2048K)
 Metaspace       used 86556K, committed 87232K, reserved 1179648K
  class space    used 11677K, committed 12032K, reserved 1048576K
}
Event: 614.682 GC heap before
{Heap before GC invocations=208 (full 110):
 garbage-first heap   total 524288K, used 173768K [0x0000000701800000, 0x0000000800000000)
  region size 2048K, 40 young (81920K), 1 survivors (2048K)
 Metaspace       used 86594K, committed 87232K, reserved 1179648K
  class space    used 11680K, committed 12032K, reserved 1048576K
}
Event: 614.684 GC heap after
{Heap after GC invocations=209 (full 110):
 garbage-first heap   total 524288K, used 93793K [0x0000000701800000, 0x0000000800000000)
  region size 2048K, 1 young (2048K), 1 survivors (2048K)
 Metaspace       used 86594K, committed 87232K, reserved 1179648K
  class space    used 11680K, committed 12032K, reserved 1048576K
}
Event: 622.821 GC heap before
{Heap before GC invocations=209 (full 110):
 garbage-first heap   total 524288K, used 173665K [0x0000000701800000, 0x0000000800000000)
  region size 2048K, 40 young (81920K), 1 survivors (2048K)
 Metaspace       used 86636K, committed 87296K, reserved 1179648K
  class space    used 11680K, committed 12032K, reserved 1048576K
}
Event: 622.823 GC heap after
{Heap after GC invocations=210 (full 110):
 garbage-first heap   total 524288K, used 93845K [0x0000000701800000, 0x0000000800000000)
  region size 2048K, 1 young (2048K), 1 survivors (2048K)
 Metaspace       used 86636K, committed 87296K, reserved 1179648K
  class space    used 11680K, committed 12032K, reserved 1048576K
}
Event: 658.036 GC heap before
{Heap before GC invocations=210 (full 110):
 garbage-first heap   total 524288K, used 173717K [0x0000000701800000, 0x0000000800000000)
  region size 2048K, 40 young (81920K), 1 survivors (2048K)
 Metaspace       used 86838K, committed 87552K, reserved 1179648K
  class space    used 11699K, committed 12032K, reserved 1048576K
}
Event: 658.038 GC heap after
{Heap after GC invocations=211 (full 110):
 garbage-first heap   total 524288K, used 93963K [0x0000000701800000, 0x0000000800000000)
  region size 2048K, 1 young (2048K), 1 survivors (2048K)
 Metaspace       used 86838K, committed 87552K, reserved 1179648K
  class space    used 11699K, committed 12032K, reserved 1048576K
}
Event: 672.779 GC heap before
{Heap before GC invocations=211 (full 110):
 garbage-first heap   total 524288K, used 173835K [0x0000000701800000, 0x0000000800000000)
  region size 2048K, 40 young (81920K), 1 survivors (2048K)
 Metaspace       used 86848K, committed 87552K, reserved 1179648K
  class space    used 11699K, committed 12032K, reserved 1048576K
}
Event: 672.782 GC heap after
{Heap after GC invocations=212 (full 110):
 garbage-first heap   total 524288K, used 95375K [0x0000000701800000, 0x0000000800000000)
  region size 2048K, 2 young (4096K), 2 survivors (4096K)
 Metaspace       used 86848K, committed 87552K, reserved 1179648K
  class space    used 11699K, committed 12032K, reserved 1048576K
}
Event: 706.866 GC heap before
{Heap before GC invocations=212 (full 110):
 garbage-first heap   total 524288K, used 173199K [0x0000000701800000, 0x0000000800000000)
  region size 2048K, 40 young (81920K), 2 survivors (4096K)
 Metaspace       used 86851K, committed 87552K, reserved 1179648K
  class space    used 11699K, committed 12032K, reserved 1048576K
}
Event: 706.869 GC heap after
{Heap after GC invocations=213 (full 110):
 garbage-first heap   total 524288K, used 95665K [0x0000000701800000, 0x0000000800000000)
  region size 2048K, 2 young (4096K), 2 survivors (4096K)
 Metaspace       used 86851K, committed 87552K, reserved 1179648K
  class space    used 11699K, committed 12032K, reserved 1048576K
}

